<?xml version="1.0" encoding="UTF-8"?>
<!-- Generated by org.testng.reporters.JUnitReportReporter -->
<testsuite hostname="DESKTOP-S9F8K9E" failures="0" tests="4" name="test.VerifyOverviewPage" time="38.247" errors="0" timestamp="2022-09-30T17:50:55 IST" skipped="0">
  <testcase classname="test.VerifyOverviewPage" name="verifyFinishButton" time="13.163"/>
  <system-out/>
  <testcase classname="test.VerifyOverviewPage" name="verifyCancelButton" time="6.755"/>
  <system-out/>
  <testcase classname="test.VerifyOverviewPage" name="verifyCancelButton" time="7.294"/>
  <system-out/>
  <testcase classname="test.VerifyOverviewPage" name="verifyFinishButton" time="11.035"/>
  <system-out/>
</testsuite> <!-- test.VerifyOverviewPage -->
