<?xml version="1.0" encoding="UTF-8"?>
<!-- Generated by org.testng.reporters.JUnitReportReporter -->
<testsuite hostname="DESKTOP-S9F8K9E" failures="0" tests="4" name="test.VerifyOverviewPage" time="34.873" errors="0" timestamp="2022-09-23T17:17:01 IST" skipped="0">
  <testcase classname="test.VerifyOverviewPage" name="verifyFinishButton" time="6.590"/>
  <system-out/>
  <testcase classname="test.VerifyOverviewPage" name="verifyCancelButton" time="6.622"/>
  <system-out/>
  <testcase classname="test.VerifyOverviewPage" name="verifyCancelButton" time="13.146"/>
  <system-out/>
  <testcase classname="test.VerifyOverviewPage" name="verifyFinishButton" time="8.515"/>
  <system-out/>
</testsuite> <!-- test.VerifyOverviewPage -->
